2021-02-22 19:18:16,721 [Worker-4: Loading available Gradle versions] INFO  o.e.b.c.i.u.g.PublishedGradleVersions - Gradle version information cache is up-to-date. Trying to read.
2021-02-22 19:23:33,362 [Worker-20: Importing Maven projects] INFO  o.e.m.c.i.l.LifecycleMappingFactory - Using org.maven.ide.eclipse.wtp.WarLifecycleMapping lifecycle mapping for MavenProject: com.javacodegeeks.snippets.enterprise:springexample:0.0.1 @ /home/peterpetrekanics/Documents/from_Marci/atomikos/eclipse/to_be_imported/springexample/pom.xml.
2021-02-22 19:23:34,021 [Worker-20: Importing Maven projects] INFO  o.e.m.j.i.AbstractJavaProjectConfigurator - Adding source folder /springexample/src/main/java
2021-02-22 19:23:34,022 [Worker-20: Importing Maven projects] INFO  o.e.m.j.i.AbstractJavaProjectConfigurator - Adding resource folder /springexample/src/main/resources
2021-02-22 19:23:34,022 [Worker-20: Importing Maven projects] INFO  o.e.m.j.i.AbstractJavaProjectConfigurator - Adding source folder /springexample/src/test/java
2021-02-22 19:23:34,689 [Worker-20: Importing Maven projects] ERROR o.e.m2e.wtp.WTPProjectConfigurator - Unable to configure springexample
org.eclipse.m2e.wtp.MarkedException: Unable to configure springexample
	at org.eclipse.m2e.wtp.AbstractProjectConfiguratorDelegate.configureProject(AbstractProjectConfiguratorDelegate.java:101)
	at org.eclipse.m2e.wtp.WTPProjectConfigurator.configure(WTPProjectConfigurator.java:70)
	at org.eclipse.m2e.core.project.configurator.AbstractLifecycleMapping.configure(AbstractLifecycleMapping.java:122)
	at org.eclipse.m2e.core.internal.project.ProjectConfigurationManager.lambda$2(ProjectConfigurationManager.java:511)
	at org.eclipse.m2e.core.internal.embedder.MavenExecutionContext.executeBare(MavenExecutionContext.java:179)
	at org.eclipse.m2e.core.internal.embedder.MavenExecutionContext.execute(MavenExecutionContext.java:153)
	at org.eclipse.m2e.core.internal.project.ProjectConfigurationManager.updateProjectConfiguration(ProjectConfigurationManager.java:505)
	at org.eclipse.m2e.core.internal.project.ProjectConfigurationManager.configureNewMavenProjects(ProjectConfigurationManager.java:296)
	at org.eclipse.m2e.core.internal.project.ProjectConfigurationManager.lambda$0(ProjectConfigurationManager.java:176)
	at org.eclipse.m2e.core.internal.embedder.MavenExecutionContext.executeBare(MavenExecutionContext.java:179)
	at org.eclipse.m2e.core.internal.embedder.MavenExecutionContext.execute(MavenExecutionContext.java:153)
	at org.eclipse.m2e.core.internal.embedder.MavenExecutionContext.execute(MavenExecutionContext.java:101)
	at org.eclipse.m2e.core.internal.embedder.MavenImpl.execute(MavenImpl.java:1374)
	at org.eclipse.m2e.core.internal.project.ProjectConfigurationManager.importProjects(ProjectConfigurationManager.java:146)
	at org.eclipse.m2e.core.ui.internal.wizards.ImportMavenProjectsJob$1.doCreateMavenProjects(ImportMavenProjectsJob.java:70)
	at org.eclipse.m2e.core.ui.internal.wizards.AbstractCreateMavenProjectsOperation.run(AbstractCreateMavenProjectsOperation.java:75)
	at org.eclipse.m2e.core.ui.internal.wizards.ImportMavenProjectsJob.runInWorkspace(ImportMavenProjectsJob.java:79)
	at org.eclipse.core.internal.resources.InternalWorkspaceJob.run(InternalWorkspaceJob.java:42)
	at org.eclipse.core.internal.jobs.Worker.run(Worker.java:63)
Caused by: org.eclipse.core.runtime.CoreException: One or more constraints have not been satisfied.
	at org.eclipse.wst.common.project.facet.core.internal.FacetedProject.modifyInternal(FacetedProject.java:363)
	at org.eclipse.wst.common.project.facet.core.internal.FacetedProject.mergeChangesInternal(FacetedProject.java:1181)
	at org.eclipse.wst.common.project.facet.core.internal.FacetedProject.access$2(FacetedProject.java:1117)
	at org.eclipse.wst.common.project.facet.core.internal.FacetedProject$1.run(FacetedProject.java:324)
	at org.eclipse.core.internal.resources.Workspace.run(Workspace.java:2292)
	at org.eclipse.core.internal.resources.Workspace.run(Workspace.java:2317)
	at org.eclipse.wst.common.project.facet.core.internal.FacetedProject.modify(FacetedProject.java:339)
	at org.eclipse.m2e.wtp.WebProjectConfiguratorDelegate.configure(WebProjectConfiguratorDelegate.java:138)
	at org.eclipse.m2e.wtp.AbstractProjectConfiguratorDelegate.configureProject(AbstractProjectConfiguratorDelegate.java:97)
	... 18 common frames omitted
2021-02-22 19:23:35,204 [Worker-20: Importing Maven projects] INFO  o.e.m.c.i.p.ProjectConfigurationManager - Imported and configured 1 project(s) in 2 sec
2021-02-22 19:23:35,687 [Worker-22: Building] WARN  o.e.m.c.i.embedder.EclipseLogger - Using platform encoding (UTF-8 actually) to copy filtered resources, i.e. build is platform dependent!
2021-02-22 19:23:35,691 [Worker-22: Building] INFO  o.e.m.c.i.embedder.EclipseLogger - Copying 2 resources
2021-02-22 19:23:35,700 [Worker-22: Building] WARN  o.e.m.c.i.embedder.EclipseLogger - Using platform encoding (UTF-8 actually) to copy filtered resources, i.e. build is platform dependent!
2021-02-22 19:23:35,700 [Worker-22: Building] INFO  o.e.m.c.i.embedder.EclipseLogger - skip non existing resourceDirectory /home/peterpetrekanics/Documents/from_Marci/atomikos/eclipse/to_be_imported/springexample/src/test/resources
2021-02-22 19:24:24,780 [Worker-22: Building Project springexample] WARN  o.e.m.c.i.embedder.EclipseLogger - Using platform encoding (UTF-8 actually) to copy filtered resources, i.e. build is platform dependent!
2021-02-22 19:24:24,781 [Worker-22: Building Project springexample] INFO  o.e.m.c.i.embedder.EclipseLogger - Copying 2 resources
2021-02-22 19:24:24,782 [Worker-22: Building Project springexample] WARN  o.e.m.c.i.embedder.EclipseLogger - Using platform encoding (UTF-8 actually) to copy filtered resources, i.e. build is platform dependent!
2021-02-22 19:24:24,783 [Worker-22: Building Project springexample] INFO  o.e.m.c.i.embedder.EclipseLogger - skip non existing resourceDirectory /home/peterpetrekanics/Documents/from_Marci/atomikos/eclipse/to_be_imported/springexample/src/test/resources
2021-02-22 19:24:29,306 [Worker-25: Building] WARN  o.e.m.c.i.embedder.EclipseLogger - Using platform encoding (UTF-8 actually) to copy filtered resources, i.e. build is platform dependent!
2021-02-22 19:24:29,310 [Worker-25: Building] INFO  o.e.m.c.i.embedder.EclipseLogger - Copying 0 resource
2021-02-22 19:24:29,314 [Worker-25: Building] WARN  o.e.m.c.i.embedder.EclipseLogger - Using platform encoding (UTF-8 actually) to copy filtered resources, i.e. build is platform dependent!
2021-02-22 19:24:29,315 [Worker-25: Building] INFO  o.e.m.c.i.embedder.EclipseLogger - skip non existing resourceDirectory /home/peterpetrekanics/Documents/from_Marci/atomikos/eclipse/to_be_imported/springexample/src/test/resources
2021-02-22 19:24:57,575 [Worker-20: Cleaning all projects] INFO  o.e.m.w.i.f.ResourceFilteringBuildParticipant - Cleaning filtered folder for springexample
2021-02-22 19:24:57,633 [Worker-16: Building Workspace] WARN  o.e.m.c.i.embedder.EclipseLogger - Using platform encoding (UTF-8 actually) to copy filtered resources, i.e. build is platform dependent!
2021-02-22 19:24:57,634 [Worker-16: Building Workspace] INFO  o.e.m.c.i.embedder.EclipseLogger - Copying 2 resources
2021-02-22 19:24:57,636 [Worker-16: Building Workspace] WARN  o.e.m.c.i.embedder.EclipseLogger - Using platform encoding (UTF-8 actually) to copy filtered resources, i.e. build is platform dependent!
2021-02-22 19:24:57,636 [Worker-16: Building Workspace] INFO  o.e.m.c.i.embedder.EclipseLogger - skip non existing resourceDirectory /home/peterpetrekanics/Documents/from_Marci/atomikos/eclipse/to_be_imported/springexample/src/test/resources
2021-02-22 19:24:57,637 [Worker-16: Building Workspace] INFO  o.e.m.w.i.f.ResourceFilteringBuildParticipant - Changed resources require a complete clean of filtered resources of springexample
2021-02-22 19:24:57,637 [Worker-16: Building Workspace] INFO  o.e.m.w.i.f.ResourceFilteringBuildParticipant - Executing resource filtering for springexample
2021-02-22 19:24:57,651 [Worker-16: Building Workspace] WARN  o.e.m.c.i.embedder.EclipseLogger - Using platform encoding (UTF-8 actually) to copy filtered resources, i.e. build is platform dependent!
2021-02-22 19:25:38,450 [Worker-24: Cleaning all projects] INFO  o.e.m.w.i.f.ResourceFilteringBuildParticipant - Cleaning filtered folder for springexample
2021-02-22 19:25:38,500 [Worker-16: Building Workspace] WARN  o.e.m.c.i.embedder.EclipseLogger - Using platform encoding (UTF-8 actually) to copy filtered resources, i.e. build is platform dependent!
2021-02-22 19:25:38,500 [Worker-16: Building Workspace] INFO  o.e.m.c.i.embedder.EclipseLogger - Copying 2 resources
2021-02-22 19:25:38,501 [Worker-16: Building Workspace] WARN  o.e.m.c.i.embedder.EclipseLogger - Using platform encoding (UTF-8 actually) to copy filtered resources, i.e. build is platform dependent!
2021-02-22 19:25:38,502 [Worker-16: Building Workspace] INFO  o.e.m.c.i.embedder.EclipseLogger - skip non existing resourceDirectory /home/peterpetrekanics/Documents/from_Marci/atomikos/eclipse/to_be_imported/springexample/src/test/resources
2021-02-22 19:25:38,502 [Worker-16: Building Workspace] INFO  o.e.m.w.i.f.ResourceFilteringBuildParticipant - Changed resources require a complete clean of filtered resources of springexample
2021-02-22 19:25:38,502 [Worker-16: Building Workspace] INFO  o.e.m.w.i.f.ResourceFilteringBuildParticipant - Executing resource filtering for springexample
2021-02-22 19:25:38,506 [Worker-16: Building Workspace] WARN  o.e.m.c.i.embedder.EclipseLogger - Using platform encoding (UTF-8 actually) to copy filtered resources, i.e. build is platform dependent!
2021-02-22 19:26:32,909 [Worker-23: Building Workspace] WARN  o.e.m.c.i.embedder.EclipseLogger - Using platform encoding (UTF-8 actually) to copy filtered resources, i.e. build is platform dependent!
2021-02-22 19:26:32,910 [Worker-23: Building Workspace] INFO  o.e.m.c.i.embedder.EclipseLogger - Copying 0 resource
2021-02-22 19:26:32,911 [Worker-23: Building Workspace] WARN  o.e.m.c.i.embedder.EclipseLogger - Using platform encoding (UTF-8 actually) to copy filtered resources, i.e. build is platform dependent!
2021-02-22 19:26:32,912 [Worker-23: Building Workspace] INFO  o.e.m.c.i.embedder.EclipseLogger - skip non existing resourceDirectory /home/peterpetrekanics/Documents/from_Marci/atomikos/eclipse/to_be_imported/springexample/src/test/resources
2021-02-22 19:26:45,335 [Worker-16: Cleaning all projects] INFO  o.e.m.w.i.f.ResourceFilteringBuildParticipant - Cleaning filtered folder for springexample
2021-02-22 19:26:45,376 [Worker-24: Building Workspace] WARN  o.e.m.c.i.embedder.EclipseLogger - Using platform encoding (UTF-8 actually) to copy filtered resources, i.e. build is platform dependent!
2021-02-22 19:26:45,377 [Worker-24: Building Workspace] INFO  o.e.m.c.i.embedder.EclipseLogger - Copying 2 resources
2021-02-22 19:26:45,379 [Worker-24: Building Workspace] WARN  o.e.m.c.i.embedder.EclipseLogger - Using platform encoding (UTF-8 actually) to copy filtered resources, i.e. build is platform dependent!
2021-02-22 19:26:45,380 [Worker-24: Building Workspace] INFO  o.e.m.c.i.embedder.EclipseLogger - skip non existing resourceDirectory /home/peterpetrekanics/Documents/from_Marci/atomikos/eclipse/to_be_imported/springexample/src/test/resources
2021-02-22 19:26:45,380 [Worker-24: Building Workspace] INFO  o.e.m.w.i.f.ResourceFilteringBuildParticipant - Changed resources require a complete clean of filtered resources of springexample
2021-02-22 19:26:45,380 [Worker-24: Building Workspace] INFO  o.e.m.w.i.f.ResourceFilteringBuildParticipant - Executing resource filtering for springexample
2021-02-22 19:26:45,384 [Worker-24: Building Workspace] WARN  o.e.m.c.i.embedder.EclipseLogger - Using platform encoding (UTF-8 actually) to copy filtered resources, i.e. build is platform dependent!
2021-02-22 19:28:07,192 [Worker-25: Cleaning all projects] INFO  o.e.m.w.i.f.ResourceFilteringBuildParticipant - Cleaning filtered folder for springexample
2021-02-22 19:28:07,255 [Worker-22: Building Workspace] WARN  o.e.m.c.i.embedder.EclipseLogger - Using platform encoding (UTF-8 actually) to copy filtered resources, i.e. build is platform dependent!
2021-02-22 19:28:07,256 [Worker-22: Building Workspace] INFO  o.e.m.c.i.embedder.EclipseLogger - Copying 2 resources
2021-02-22 19:28:07,257 [Worker-22: Building Workspace] WARN  o.e.m.c.i.embedder.EclipseLogger - Using platform encoding (UTF-8 actually) to copy filtered resources, i.e. build is platform dependent!
2021-02-22 19:28:07,258 [Worker-22: Building Workspace] INFO  o.e.m.c.i.embedder.EclipseLogger - skip non existing resourceDirectory /home/peterpetrekanics/Documents/from_Marci/atomikos/eclipse/to_be_imported/springexample/src/test/resources
2021-02-22 19:28:07,258 [Worker-22: Building Workspace] INFO  o.e.m.w.i.f.ResourceFilteringBuildParticipant - Changed resources require a complete clean of filtered resources of springexample
2021-02-22 19:28:07,259 [Worker-22: Building Workspace] INFO  o.e.m.w.i.f.ResourceFilteringBuildParticipant - Executing resource filtering for springexample
2021-02-22 19:28:07,265 [Worker-22: Building Workspace] WARN  o.e.m.c.i.embedder.EclipseLogger - Using platform encoding (UTF-8 actually) to copy filtered resources, i.e. build is platform dependent!
2021-02-22 19:28:31,174 [Worker-22: Rebuilding] WARN  o.e.m.c.i.embedder.EclipseLogger - Using platform encoding (UTF-8 actually) to copy filtered resources, i.e. build is platform dependent!
2021-02-22 19:28:31,174 [Worker-22: Rebuilding] INFO  o.e.m.c.i.embedder.EclipseLogger - Copying 2 resources
2021-02-22 19:28:31,175 [Worker-22: Rebuilding] WARN  o.e.m.c.i.embedder.EclipseLogger - Using platform encoding (UTF-8 actually) to copy filtered resources, i.e. build is platform dependent!
2021-02-22 19:28:31,176 [Worker-22: Rebuilding] INFO  o.e.m.c.i.embedder.EclipseLogger - skip non existing resourceDirectory /home/peterpetrekanics/Documents/from_Marci/atomikos/eclipse/to_be_imported/springexample/src/test/resources
2021-02-22 19:28:50,341 [Worker-24: Building Project springexample] WARN  o.e.m.c.i.embedder.EclipseLogger - Using platform encoding (UTF-8 actually) to copy filtered resources, i.e. build is platform dependent!
2021-02-22 19:28:50,342 [Worker-24: Building Project springexample] INFO  o.e.m.c.i.embedder.EclipseLogger - Copying 2 resources
2021-02-22 19:28:50,344 [Worker-24: Building Project springexample] WARN  o.e.m.c.i.embedder.EclipseLogger - Using platform encoding (UTF-8 actually) to copy filtered resources, i.e. build is platform dependent!
2021-02-22 19:28:50,344 [Worker-24: Building Project springexample] INFO  o.e.m.c.i.embedder.EclipseLogger - skip non existing resourceDirectory /home/peterpetrekanics/Documents/from_Marci/atomikos/eclipse/to_be_imported/springexample/src/test/resources
2021-02-22 20:09:01,433 [Worker-42: Launching Tomcat v8.0 Server at localhost] WARN  o.e.m.c.i.embedder.EclipseLogger - Using platform encoding (UTF-8 actually) to copy filtered resources, i.e. build is platform dependent!
2021-02-22 20:09:01,436 [Worker-42: Launching Tomcat v8.0 Server at localhost] INFO  o.e.m.c.i.embedder.EclipseLogger - Copying 1 resource
2021-02-22 20:09:01,437 [Worker-42: Launching Tomcat v8.0 Server at localhost] WARN  o.e.m.c.i.embedder.EclipseLogger - Using platform encoding (UTF-8 actually) to copy filtered resources, i.e. build is platform dependent!
2021-02-22 20:09:01,437 [Worker-42: Launching Tomcat v8.0 Server at localhost] INFO  o.e.m.c.i.embedder.EclipseLogger - skip non existing resourceDirectory /home/peterpetrekanics/Documents/from_Marci/atomikos/eclipse/to_be_imported/springexample/src/test/resources
2021-02-22 20:16:54,296 [Worker-45: Cleaning all projects] INFO  o.e.m.c.i.l.LifecycleMappingFactory - Using org.maven.ide.eclipse.wtp.WarLifecycleMapping lifecycle mapping for MavenProject: com.javacodegeeks.snippets.enterprise:springexample:0.0.1 @ /home/peterpetrekanics/Documents/from_Marci/atomikos/eclipse/to_be_imported/springexample/pom.xml.
2021-02-22 20:16:54,585 [Worker-45: Cleaning all projects] INFO  o.e.m.c.i.e.AbstractTransferListenerAdapter - Downloaded https://www.mvnrepository.com/org/springframework/spring-core/4.3.30.RELEASE/spring-core-4.3.30.RELEASE.pom
2021-02-22 20:16:55,334 [Worker-45: Cleaning all projects] INFO  o.e.m.c.i.e.AbstractTransferListenerAdapter - Downloaded https://repository-cdn.liferay.com/nexus/content/repositories/liferay-public-releases/org/springframework/spring-core/4.3.30.RELEASE/spring-core-4.3.30.RELEASE.pom
2021-02-22 20:16:55,963 [Worker-45: Cleaning all projects] INFO  o.e.m.c.i.e.AbstractTransferListenerAdapter - Downloaded https://repository-cdn.liferay.com/nexus/content/repositories/liferay-public-snapshots/org/springframework/spring-core/4.3.30.RELEASE/spring-core-4.3.30.RELEASE.pom
2021-02-22 20:16:56,408 [Worker-45: Cleaning all projects] INFO  o.e.m.c.i.e.AbstractTransferListenerAdapter - Downloaded http://maven.wso2.org/nexus/content/repositories/releases/org/springframework/spring-core/4.3.30.RELEASE/spring-core-4.3.30.RELEASE.pom
2021-02-22 20:16:56,796 [Worker-45: Cleaning all projects] INFO  o.e.m.c.i.e.AbstractTransferListenerAdapter - Downloading https://repo.maven.apache.org/maven2/org/springframework/spring-core/4.3.30.RELEASE/spring-core-4.3.30.RELEASE.pom
2021-02-22 20:16:56,918 [Worker-45: Cleaning all projects] INFO  o.e.m.c.i.e.AbstractTransferListenerAdapter - Downloaded https://repo.maven.apache.org/maven2/org/springframework/spring-core/4.3.30.RELEASE/spring-core-4.3.30.RELEASE.pom
2021-02-22 20:16:57,000 [Worker-45: Cleaning all projects] INFO  o.e.m.c.i.e.AbstractTransferListenerAdapter - Downloaded https://www.mvnrepository.com/org/springframework/spring-context/4.3.30.RELEASE/spring-context-4.3.30.RELEASE.pom
2021-02-22 20:16:57,584 [Worker-45: Cleaning all projects] INFO  o.e.m.c.i.e.AbstractTransferListenerAdapter - Downloaded https://repository-cdn.liferay.com/nexus/content/repositories/liferay-public-releases/org/springframework/spring-context/4.3.30.RELEASE/spring-context-4.3.30.RELEASE.pom
2021-02-22 20:16:58,096 [Worker-45: Cleaning all projects] INFO  o.e.m.c.i.e.AbstractTransferListenerAdapter - Downloaded https://repository-cdn.liferay.com/nexus/content/repositories/liferay-public-snapshots/org/springframework/spring-context/4.3.30.RELEASE/spring-context-4.3.30.RELEASE.pom
2021-02-22 20:16:58,300 [Worker-45: Cleaning all projects] INFO  o.e.m.c.i.e.AbstractTransferListenerAdapter - Downloaded http://maven.wso2.org/nexus/content/repositories/releases/org/springframework/spring-context/4.3.30.RELEASE/spring-context-4.3.30.RELEASE.pom
2021-02-22 20:16:58,353 [Worker-45: Cleaning all projects] INFO  o.e.m.c.i.e.AbstractTransferListenerAdapter - Downloading https://repo.maven.apache.org/maven2/org/springframework/spring-context/4.3.30.RELEASE/spring-context-4.3.30.RELEASE.pom
2021-02-22 20:16:58,413 [Worker-45: Cleaning all projects] INFO  o.e.m.c.i.e.AbstractTransferListenerAdapter - Downloaded https://repo.maven.apache.org/maven2/org/springframework/spring-context/4.3.30.RELEASE/spring-context-4.3.30.RELEASE.pom
2021-02-22 20:16:58,463 [Worker-45: Cleaning all projects] INFO  o.e.m.c.i.e.AbstractTransferListenerAdapter - Downloaded https://www.mvnrepository.com/org/springframework/spring-aop/4.3.30.RELEASE/spring-aop-4.3.30.RELEASE.pom
2021-02-22 20:16:59,017 [Worker-45: Cleaning all projects] INFO  o.e.m.c.i.e.AbstractTransferListenerAdapter - Downloaded https://repository-cdn.liferay.com/nexus/content/repositories/liferay-public-releases/org/springframework/spring-aop/4.3.30.RELEASE/spring-aop-4.3.30.RELEASE.pom
2021-02-22 20:16:59,529 [Worker-45: Cleaning all projects] INFO  o.e.m.c.i.e.AbstractTransferListenerAdapter - Downloaded https://repository-cdn.liferay.com/nexus/content/repositories/liferay-public-snapshots/org/springframework/spring-aop/4.3.30.RELEASE/spring-aop-4.3.30.RELEASE.pom
2021-02-22 20:16:59,734 [Worker-45: Cleaning all projects] INFO  o.e.m.c.i.e.AbstractTransferListenerAdapter - Downloaded http://maven.wso2.org/nexus/content/repositories/releases/org/springframework/spring-aop/4.3.30.RELEASE/spring-aop-4.3.30.RELEASE.pom
2021-02-22 20:16:59,785 [Worker-45: Cleaning all projects] INFO  o.e.m.c.i.e.AbstractTransferListenerAdapter - Downloading https://repo.maven.apache.org/maven2/org/springframework/spring-aop/4.3.30.RELEASE/spring-aop-4.3.30.RELEASE.pom
2021-02-22 20:16:59,827 [Worker-45: Cleaning all projects] INFO  o.e.m.c.i.e.AbstractTransferListenerAdapter - Downloaded https://repo.maven.apache.org/maven2/org/springframework/spring-aop/4.3.30.RELEASE/spring-aop-4.3.30.RELEASE.pom
2021-02-22 20:16:59,869 [Worker-45: Cleaning all projects] INFO  o.e.m.c.i.e.AbstractTransferListenerAdapter - Downloaded https://www.mvnrepository.com/org/springframework/spring-beans/4.3.30.RELEASE/spring-beans-4.3.30.RELEASE.pom
2021-02-22 20:17:00,451 [Worker-45: Cleaning all projects] INFO  o.e.m.c.i.e.AbstractTransferListenerAdapter - Downloaded https://repository-cdn.liferay.com/nexus/content/repositories/liferay-public-releases/org/springframework/spring-beans/4.3.30.RELEASE/spring-beans-4.3.30.RELEASE.pom
2021-02-22 20:17:00,968 [Worker-45: Cleaning all projects] INFO  o.e.m.c.i.e.AbstractTransferListenerAdapter - Downloaded https://repository-cdn.liferay.com/nexus/content/repositories/liferay-public-snapshots/org/springframework/spring-beans/4.3.30.RELEASE/spring-beans-4.3.30.RELEASE.pom
2021-02-22 20:17:01,184 [Worker-45: Cleaning all projects] INFO  o.e.m.c.i.e.AbstractTransferListenerAdapter - Downloaded http://maven.wso2.org/nexus/content/repositories/releases/org/springframework/spring-beans/4.3.30.RELEASE/spring-beans-4.3.30.RELEASE.pom
2021-02-22 20:17:01,241 [Worker-45: Cleaning all projects] INFO  o.e.m.c.i.e.AbstractTransferListenerAdapter - Downloading https://repo.maven.apache.org/maven2/org/springframework/spring-beans/4.3.30.RELEASE/spring-beans-4.3.30.RELEASE.pom
2021-02-22 20:17:01,289 [Worker-45: Cleaning all projects] INFO  o.e.m.c.i.e.AbstractTransferListenerAdapter - Downloaded https://repo.maven.apache.org/maven2/org/springframework/spring-beans/4.3.30.RELEASE/spring-beans-4.3.30.RELEASE.pom
2021-02-22 20:17:01,348 [Worker-45: Cleaning all projects] INFO  o.e.m.c.i.e.AbstractTransferListenerAdapter - Downloaded https://www.mvnrepository.com/org/springframework/spring-expression/4.3.30.RELEASE/spring-expression-4.3.30.RELEASE.pom
2021-02-22 20:17:01,841 [Worker-45: Cleaning all projects] INFO  o.e.m.c.i.e.AbstractTransferListenerAdapter - Downloaded https://repository-cdn.liferay.com/nexus/content/repositories/liferay-public-releases/org/springframework/spring-expression/4.3.30.RELEASE/spring-expression-4.3.30.RELEASE.pom
2021-02-22 20:17:02,405 [Worker-45: Cleaning all projects] INFO  o.e.m.c.i.e.AbstractTransferListenerAdapter - Downloaded https://repository-cdn.liferay.com/nexus/content/repositories/liferay-public-snapshots/org/springframework/spring-expression/4.3.30.RELEASE/spring-expression-4.3.30.RELEASE.pom
2021-02-22 20:17:02,559 [Worker-45: Cleaning all projects] INFO  o.e.m.c.i.e.AbstractTransferListenerAdapter - Downloaded http://maven.wso2.org/nexus/content/repositories/releases/org/springframework/spring-expression/4.3.30.RELEASE/spring-expression-4.3.30.RELEASE.pom
2021-02-22 20:17:02,607 [Worker-45: Cleaning all projects] INFO  o.e.m.c.i.e.AbstractTransferListenerAdapter - Downloading https://repo.maven.apache.org/maven2/org/springframework/spring-expression/4.3.30.RELEASE/spring-expression-4.3.30.RELEASE.pom
2021-02-22 20:17:02,662 [Worker-45: Cleaning all projects] INFO  o.e.m.c.i.e.AbstractTransferListenerAdapter - Downloaded https://repo.maven.apache.org/maven2/org/springframework/spring-expression/4.3.30.RELEASE/spring-expression-4.3.30.RELEASE.pom
2021-02-22 20:17:02,711 [Worker-45: Cleaning all projects] INFO  o.e.m.c.i.e.AbstractTransferListenerAdapter - Downloaded https://www.mvnrepository.com/org/springframework/spring-tx/4.3.30.RELEASE/spring-tx-4.3.30.RELEASE.pom
2021-02-22 20:17:03,285 [Worker-45: Cleaning all projects] INFO  o.e.m.c.i.e.AbstractTransferListenerAdapter - Downloaded https://repository-cdn.liferay.com/nexus/content/repositories/liferay-public-releases/org/springframework/spring-tx/4.3.30.RELEASE/spring-tx-4.3.30.RELEASE.pom
2021-02-22 20:17:03,830 [Worker-45: Cleaning all projects] INFO  o.e.m.c.i.e.AbstractTransferListenerAdapter - Downloaded https://repository-cdn.liferay.com/nexus/content/repositories/liferay-public-snapshots/org/springframework/spring-tx/4.3.30.RELEASE/spring-tx-4.3.30.RELEASE.pom
2021-02-22 20:17:04,033 [Worker-45: Cleaning all projects] INFO  o.e.m.c.i.e.AbstractTransferListenerAdapter - Downloaded http://maven.wso2.org/nexus/content/repositories/releases/org/springframework/spring-tx/4.3.30.RELEASE/spring-tx-4.3.30.RELEASE.pom
2021-02-22 20:17:04,089 [Worker-45: Cleaning all projects] INFO  o.e.m.c.i.e.AbstractTransferListenerAdapter - Downloading https://repo.maven.apache.org/maven2/org/springframework/spring-tx/4.3.30.RELEASE/spring-tx-4.3.30.RELEASE.pom
2021-02-22 20:17:04,134 [Worker-45: Cleaning all projects] INFO  o.e.m.c.i.e.AbstractTransferListenerAdapter - Downloaded https://repo.maven.apache.org/maven2/org/springframework/spring-tx/4.3.30.RELEASE/spring-tx-4.3.30.RELEASE.pom
2021-02-22 20:17:04,170 [Worker-45: Cleaning all projects] INFO  o.e.m.c.i.e.AbstractTransferListenerAdapter - Downloaded https://www.mvnrepository.com/org/springframework/spring-orm/4.3.30.RELEASE/spring-orm-4.3.30.RELEASE.pom
2021-02-22 20:17:04,657 [Worker-45: Cleaning all projects] INFO  o.e.m.c.i.e.AbstractTransferListenerAdapter - Downloaded https://repository-cdn.liferay.com/nexus/content/repositories/liferay-public-releases/org/springframework/spring-orm/4.3.30.RELEASE/spring-orm-4.3.30.RELEASE.pom
2021-02-22 20:17:05,129 [Worker-45: Cleaning all projects] INFO  o.e.m.c.i.e.AbstractTransferListenerAdapter - Downloaded https://repository-cdn.liferay.com/nexus/content/repositories/liferay-public-snapshots/org/springframework/spring-orm/4.3.30.RELEASE/spring-orm-4.3.30.RELEASE.pom
2021-02-22 20:17:05,267 [Worker-45: Cleaning all projects] INFO  o.e.m.c.i.e.AbstractTransferListenerAdapter - Downloaded http://maven.wso2.org/nexus/content/repositories/releases/org/springframework/spring-orm/4.3.30.RELEASE/spring-orm-4.3.30.RELEASE.pom
2021-02-22 20:17:05,306 [Worker-45: Cleaning all projects] INFO  o.e.m.c.i.e.AbstractTransferListenerAdapter - Downloading https://repo.maven.apache.org/maven2/org/springframework/spring-orm/4.3.30.RELEASE/spring-orm-4.3.30.RELEASE.pom
2021-02-22 20:17:05,354 [Worker-45: Cleaning all projects] INFO  o.e.m.c.i.e.AbstractTransferListenerAdapter - Downloaded https://repo.maven.apache.org/maven2/org/springframework/spring-orm/4.3.30.RELEASE/spring-orm-4.3.30.RELEASE.pom
2021-02-22 20:17:05,415 [Worker-45: Cleaning all projects] INFO  o.e.m.c.i.e.AbstractTransferListenerAdapter - Downloaded https://www.mvnrepository.com/org/springframework/spring-jdbc/4.3.30.RELEASE/spring-jdbc-4.3.30.RELEASE.pom
2021-02-22 20:17:05,981 [Worker-45: Cleaning all projects] INFO  o.e.m.c.i.e.AbstractTransferListenerAdapter - Downloaded https://repository-cdn.liferay.com/nexus/content/repositories/liferay-public-releases/org/springframework/spring-jdbc/4.3.30.RELEASE/spring-jdbc-4.3.30.RELEASE.pom
2021-02-22 20:17:06,493 [Worker-45: Cleaning all projects] INFO  o.e.m.c.i.e.AbstractTransferListenerAdapter - Downloaded https://repository-cdn.liferay.com/nexus/content/repositories/liferay-public-snapshots/org/springframework/spring-jdbc/4.3.30.RELEASE/spring-jdbc-4.3.30.RELEASE.pom
2021-02-22 20:17:06,702 [Worker-45: Cleaning all projects] INFO  o.e.m.c.i.e.AbstractTransferListenerAdapter - Downloaded http://maven.wso2.org/nexus/content/repositories/releases/org/springframework/spring-jdbc/4.3.30.RELEASE/spring-jdbc-4.3.30.RELEASE.pom
2021-02-22 20:17:06,761 [Worker-45: Cleaning all projects] INFO  o.e.m.c.i.e.AbstractTransferListenerAdapter - Downloading https://repo.maven.apache.org/maven2/org/springframework/spring-jdbc/4.3.30.RELEASE/spring-jdbc-4.3.30.RELEASE.pom
2021-02-22 20:17:06,815 [Worker-45: Cleaning all projects] INFO  o.e.m.c.i.e.AbstractTransferListenerAdapter - Downloaded https://repo.maven.apache.org/maven2/org/springframework/spring-jdbc/4.3.30.RELEASE/spring-jdbc-4.3.30.RELEASE.pom
2021-02-22 20:17:06,848 [Worker-45: Cleaning all projects] INFO  o.e.m.c.i.e.AbstractTransferListenerAdapter - Downloaded https://www.mvnrepository.com/org/springframework/spring-web/4.3.30.RELEASE/spring-web-4.3.30.RELEASE.pom
2021-02-22 20:17:07,373 [Worker-45: Cleaning all projects] INFO  o.e.m.c.i.e.AbstractTransferListenerAdapter - Downloaded https://repository-cdn.liferay.com/nexus/content/repositories/liferay-public-releases/org/springframework/spring-web/4.3.30.RELEASE/spring-web-4.3.30.RELEASE.pom
2021-02-22 20:17:07,925 [Worker-45: Cleaning all projects] INFO  o.e.m.c.i.e.AbstractTransferListenerAdapter - Downloaded https://repository-cdn.liferay.com/nexus/content/repositories/liferay-public-snapshots/org/springframework/spring-web/4.3.30.RELEASE/spring-web-4.3.30.RELEASE.pom
2021-02-22 20:17:08,134 [Worker-45: Cleaning all projects] INFO  o.e.m.c.i.e.AbstractTransferListenerAdapter - Downloaded http://maven.wso2.org/nexus/content/repositories/releases/org/springframework/spring-web/4.3.30.RELEASE/spring-web-4.3.30.RELEASE.pom
2021-02-22 20:17:08,201 [Worker-45: Cleaning all projects] INFO  o.e.m.c.i.e.AbstractTransferListenerAdapter - Downloading https://repo.maven.apache.org/maven2/org/springframework/spring-web/4.3.30.RELEASE/spring-web-4.3.30.RELEASE.pom
2021-02-22 20:17:08,253 [Worker-45: Cleaning all projects] INFO  o.e.m.c.i.e.AbstractTransferListenerAdapter - Downloaded https://repo.maven.apache.org/maven2/org/springframework/spring-web/4.3.30.RELEASE/spring-web-4.3.30.RELEASE.pom
2021-02-22 20:17:08,344 [Worker-45: Cleaning all projects] INFO  o.e.m.c.i.e.AbstractTransferListenerAdapter - Downloaded https://www.mvnrepository.com/org/springframework/spring-webmvc/4.3.30.RELEASE/spring-webmvc-4.3.30.RELEASE.pom
2021-02-22 20:17:08,949 [Worker-45: Cleaning all projects] INFO  o.e.m.c.i.e.AbstractTransferListenerAdapter - Downloaded https://repository-cdn.liferay.com/nexus/content/repositories/liferay-public-releases/org/springframework/spring-webmvc/4.3.30.RELEASE/spring-webmvc-4.3.30.RELEASE.pom
2021-02-22 20:17:09,469 [Worker-45: Cleaning all projects] INFO  o.e.m.c.i.e.AbstractTransferListenerAdapter - Downloaded https://repository-cdn.liferay.com/nexus/content/repositories/liferay-public-snapshots/org/springframework/spring-webmvc/4.3.30.RELEASE/spring-webmvc-4.3.30.RELEASE.pom
2021-02-22 20:17:09,613 [Worker-45: Cleaning all projects] INFO  o.e.m.c.i.e.AbstractTransferListenerAdapter - Downloaded http://maven.wso2.org/nexus/content/repositories/releases/org/springframework/spring-webmvc/4.3.30.RELEASE/spring-webmvc-4.3.30.RELEASE.pom
2021-02-22 20:17:09,654 [Worker-45: Cleaning all projects] INFO  o.e.m.c.i.e.AbstractTransferListenerAdapter - Downloading https://repo.maven.apache.org/maven2/org/springframework/spring-webmvc/4.3.30.RELEASE/spring-webmvc-4.3.30.RELEASE.pom
2021-02-22 20:17:09,719 [Worker-45: Cleaning all projects] INFO  o.e.m.c.i.e.AbstractTransferListenerAdapter - Downloaded https://repo.maven.apache.org/maven2/org/springframework/spring-webmvc/4.3.30.RELEASE/spring-webmvc-4.3.30.RELEASE.pom
2021-02-22 20:17:09,802 [AetherRepositoryConnector-www.mvnrepository.com-0-0] INFO  o.e.m.c.i.e.AbstractTransferListenerAdapter - Downloaded https://www.mvnrepository.com/org/springframework/spring-core/4.3.30.RELEASE/spring-core-4.3.30.RELEASE.jar
2021-02-22 20:17:09,840 [AetherRepositoryConnector-www.mvnrepository.com-0-2] INFO  o.e.m.c.i.e.AbstractTransferListenerAdapter - Downloaded https://www.mvnrepository.com/org/springframework/spring-aop/4.3.30.RELEASE/spring-aop-4.3.30.RELEASE.jar
2021-02-22 20:17:09,842 [AetherRepositoryConnector-www.mvnrepository.com-0-3] INFO  o.e.m.c.i.e.AbstractTransferListenerAdapter - Downloaded https://www.mvnrepository.com/org/springframework/spring-beans/4.3.30.RELEASE/spring-beans-4.3.30.RELEASE.jar
2021-02-22 20:17:09,845 [AetherRepositoryConnector-www.mvnrepository.com-0-4] INFO  o.e.m.c.i.e.AbstractTransferListenerAdapter - Downloaded https://www.mvnrepository.com/org/springframework/spring-expression/4.3.30.RELEASE/spring-expression-4.3.30.RELEASE.jar
2021-02-22 20:17:09,845 [AetherRepositoryConnector-www.mvnrepository.com-0-1] INFO  o.e.m.c.i.e.AbstractTransferListenerAdapter - Downloaded https://www.mvnrepository.com/org/springframework/spring-context/4.3.30.RELEASE/spring-context-4.3.30.RELEASE.jar
2021-02-22 20:17:09,884 [AetherRepositoryConnector-www.mvnrepository.com-0-0] INFO  o.e.m.c.i.e.AbstractTransferListenerAdapter - Downloaded https://www.mvnrepository.com/org/springframework/spring-tx/4.3.30.RELEASE/spring-tx-4.3.30.RELEASE.jar
2021-02-22 20:17:09,917 [AetherRepositoryConnector-www.mvnrepository.com-0-1] INFO  o.e.m.c.i.e.AbstractTransferListenerAdapter - Downloaded https://www.mvnrepository.com/org/springframework/spring-web/4.3.30.RELEASE/spring-web-4.3.30.RELEASE.jar
2021-02-22 20:17:09,919 [AetherRepositoryConnector-www.mvnrepository.com-0-4] INFO  o.e.m.c.i.e.AbstractTransferListenerAdapter - Downloaded https://www.mvnrepository.com/org/springframework/spring-webmvc/4.3.30.RELEASE/spring-webmvc-4.3.30.RELEASE.jar
2021-02-22 20:17:09,920 [AetherRepositoryConnector-www.mvnrepository.com-0-2] INFO  o.e.m.c.i.e.AbstractTransferListenerAdapter - Downloaded https://www.mvnrepository.com/org/springframework/spring-orm/4.3.30.RELEASE/spring-orm-4.3.30.RELEASE.jar
2021-02-22 20:17:09,920 [AetherRepositoryConnector-www.mvnrepository.com-0-3] INFO  o.e.m.c.i.e.AbstractTransferListenerAdapter - Downloaded https://www.mvnrepository.com/org/springframework/spring-jdbc/4.3.30.RELEASE/spring-jdbc-4.3.30.RELEASE.jar
2021-02-22 20:17:10,441 [AetherRepositoryConnector-repository-cdn.liferay.com-1-0] INFO  o.e.m.c.i.e.AbstractTransferListenerAdapter - Downloaded https://repository-cdn.liferay.com/nexus/content/repositories/liferay-public-releases/org/springframework/spring-core/4.3.30.RELEASE/spring-core-4.3.30.RELEASE.jar
2021-02-22 20:17:10,441 [AetherRepositoryConnector-repository-cdn.liferay.com-1-3] INFO  o.e.m.c.i.e.AbstractTransferListenerAdapter - Downloaded https://repository-cdn.liferay.com/nexus/content/repositories/liferay-public-releases/org/springframework/spring-beans/4.3.30.RELEASE/spring-beans-4.3.30.RELEASE.jar
2021-02-22 20:17:10,459 [AetherRepositoryConnector-repository-cdn.liferay.com-1-2] INFO  o.e.m.c.i.e.AbstractTransferListenerAdapter - Downloaded https://repository-cdn.liferay.com/nexus/content/repositories/liferay-public-releases/org/springframework/spring-aop/4.3.30.RELEASE/spring-aop-4.3.30.RELEASE.jar
2021-02-22 20:17:10,496 [AetherRepositoryConnector-repository-cdn.liferay.com-1-4] INFO  o.e.m.c.i.e.AbstractTransferListenerAdapter - Downloaded https://repository-cdn.liferay.com/nexus/content/repositories/liferay-public-releases/org/springframework/spring-expression/4.3.30.RELEASE/spring-expression-4.3.30.RELEASE.jar
2021-02-22 20:17:10,496 [AetherRepositoryConnector-repository-cdn.liferay.com-1-1] INFO  o.e.m.c.i.e.AbstractTransferListenerAdapter - Downloaded https://repository-cdn.liferay.com/nexus/content/repositories/liferay-public-releases/org/springframework/spring-context/4.3.30.RELEASE/spring-context-4.3.30.RELEASE.jar
2021-02-22 20:17:10,945 [AetherRepositoryConnector-repository-cdn.liferay.com-1-0] INFO  o.e.m.c.i.e.AbstractTransferListenerAdapter - Downloaded https://repository-cdn.liferay.com/nexus/content/repositories/liferay-public-releases/org/springframework/spring-tx/4.3.30.RELEASE/spring-tx-4.3.30.RELEASE.jar
2021-02-22 20:17:10,997 [AetherRepositoryConnector-repository-cdn.liferay.com-1-2] INFO  o.e.m.c.i.e.AbstractTransferListenerAdapter - Downloaded https://repository-cdn.liferay.com/nexus/content/repositories/liferay-public-releases/org/springframework/spring-jdbc/4.3.30.RELEASE/spring-jdbc-4.3.30.RELEASE.jar
2021-02-22 20:17:11,020 [AetherRepositoryConnector-repository-cdn.liferay.com-1-4] INFO  o.e.m.c.i.e.AbstractTransferListenerAdapter - Downloaded https://repository-cdn.liferay.com/nexus/content/repositories/liferay-public-releases/org/springframework/spring-web/4.3.30.RELEASE/spring-web-4.3.30.RELEASE.jar
2021-02-22 20:17:11,023 [AetherRepositoryConnector-repository-cdn.liferay.com-1-3] INFO  o.e.m.c.i.e.AbstractTransferListenerAdapter - Downloaded https://repository-cdn.liferay.com/nexus/content/repositories/liferay-public-releases/org/springframework/spring-orm/4.3.30.RELEASE/spring-orm-4.3.30.RELEASE.jar
2021-02-22 20:17:11,030 [AetherRepositoryConnector-repository-cdn.liferay.com-1-1] INFO  o.e.m.c.i.e.AbstractTransferListenerAdapter - Downloaded https://repository-cdn.liferay.com/nexus/content/repositories/liferay-public-releases/org/springframework/spring-webmvc/4.3.30.RELEASE/spring-webmvc-4.3.30.RELEASE.jar
2021-02-22 20:17:11,541 [AetherRepositoryConnector-repository-cdn.liferay.com-2-1] INFO  o.e.m.c.i.e.AbstractTransferListenerAdapter - Downloaded https://repository-cdn.liferay.com/nexus/content/repositories/liferay-public-snapshots/org/springframework/spring-context/4.3.30.RELEASE/spring-context-4.3.30.RELEASE.jar
2021-02-22 20:17:11,542 [AetherRepositoryConnector-repository-cdn.liferay.com-2-4] INFO  o.e.m.c.i.e.AbstractTransferListenerAdapter - Downloaded https://repository-cdn.liferay.com/nexus/content/repositories/liferay-public-snapshots/org/springframework/spring-expression/4.3.30.RELEASE/spring-expression-4.3.30.RELEASE.jar
2021-02-22 20:17:11,547 [AetherRepositoryConnector-repository-cdn.liferay.com-2-0] INFO  o.e.m.c.i.e.AbstractTransferListenerAdapter - Downloaded https://repository-cdn.liferay.com/nexus/content/repositories/liferay-public-snapshots/org/springframework/spring-core/4.3.30.RELEASE/spring-core-4.3.30.RELEASE.jar
2021-02-22 20:17:11,553 [AetherRepositoryConnector-repository-cdn.liferay.com-2-2] INFO  o.e.m.c.i.e.AbstractTransferListenerAdapter - Downloaded https://repository-cdn.liferay.com/nexus/content/repositories/liferay-public-snapshots/org/springframework/spring-aop/4.3.30.RELEASE/spring-aop-4.3.30.RELEASE.jar
2021-02-22 20:17:11,610 [AetherRepositoryConnector-repository-cdn.liferay.com-2-3] INFO  o.e.m.c.i.e.AbstractTransferListenerAdapter - Downloaded https://repository-cdn.liferay.com/nexus/content/repositories/liferay-public-snapshots/org/springframework/spring-beans/4.3.30.RELEASE/spring-beans-4.3.30.RELEASE.jar
2021-02-22 20:17:12,036 [AetherRepositoryConnector-repository-cdn.liferay.com-2-4] INFO  o.e.m.c.i.e.AbstractTransferListenerAdapter - Downloaded https://repository-cdn.liferay.com/nexus/content/repositories/liferay-public-snapshots/org/springframework/spring-orm/4.3.30.RELEASE/spring-orm-4.3.30.RELEASE.jar
2021-02-22 20:17:12,037 [AetherRepositoryConnector-repository-cdn.liferay.com-2-2] INFO  o.e.m.c.i.e.AbstractTransferListenerAdapter - Downloaded https://repository-cdn.liferay.com/nexus/content/repositories/liferay-public-snapshots/org/springframework/spring-web/4.3.30.RELEASE/spring-web-4.3.30.RELEASE.jar
2021-02-22 20:17:12,052 [AetherRepositoryConnector-repository-cdn.liferay.com-2-1] INFO  o.e.m.c.i.e.AbstractTransferListenerAdapter - Downloaded https://repository-cdn.liferay.com/nexus/content/repositories/liferay-public-snapshots/org/springframework/spring-tx/4.3.30.RELEASE/spring-tx-4.3.30.RELEASE.jar
2021-02-22 20:17:12,061 [AetherRepositoryConnector-repository-cdn.liferay.com-2-0] INFO  o.e.m.c.i.e.AbstractTransferListenerAdapter - Downloaded https://repository-cdn.liferay.com/nexus/content/repositories/liferay-public-snapshots/org/springframework/spring-jdbc/4.3.30.RELEASE/spring-jdbc-4.3.30.RELEASE.jar
2021-02-22 20:17:12,131 [AetherRepositoryConnector-repository-cdn.liferay.com-2-3] INFO  o.e.m.c.i.e.AbstractTransferListenerAdapter - Downloaded https://repository-cdn.liferay.com/nexus/content/repositories/liferay-public-snapshots/org/springframework/spring-webmvc/4.3.30.RELEASE/spring-webmvc-4.3.30.RELEASE.jar
2021-02-22 20:17:12,280 [AetherRepositoryConnector-maven.wso2.org-3-0] INFO  o.e.m.c.i.e.AbstractTransferListenerAdapter - Downloaded http://maven.wso2.org/nexus/content/repositories/releases/org/springframework/spring-core/4.3.30.RELEASE/spring-core-4.3.30.RELEASE.jar
2021-02-22 20:17:12,450 [AetherRepositoryConnector-maven.wso2.org-3-4] INFO  o.e.m.c.i.e.AbstractTransferListenerAdapter - Downloaded http://maven.wso2.org/nexus/content/repositories/releases/org/springframework/spring-expression/4.3.30.RELEASE/spring-expression-4.3.30.RELEASE.jar
2021-02-22 20:17:12,450 [AetherRepositoryConnector-maven.wso2.org-3-2] INFO  o.e.m.c.i.e.AbstractTransferListenerAdapter - Downloaded http://maven.wso2.org/nexus/content/repositories/releases/org/springframework/spring-aop/4.3.30.RELEASE/spring-aop-4.3.30.RELEASE.jar
2021-02-22 20:17:12,450 [AetherRepositoryConnector-maven.wso2.org-3-0] INFO  o.e.m.c.i.e.AbstractTransferListenerAdapter - Downloaded http://maven.wso2.org/nexus/content/repositories/releases/org/springframework/spring-tx/4.3.30.RELEASE/spring-tx-4.3.30.RELEASE.jar
2021-02-22 20:17:12,450 [AetherRepositoryConnector-maven.wso2.org-3-1] INFO  o.e.m.c.i.e.AbstractTransferListenerAdapter - Downloaded http://maven.wso2.org/nexus/content/repositories/releases/org/springframework/spring-context/4.3.30.RELEASE/spring-context-4.3.30.RELEASE.jar
2021-02-22 20:17:12,450 [AetherRepositoryConnector-maven.wso2.org-3-3] INFO  o.e.m.c.i.e.AbstractTransferListenerAdapter - Downloaded http://maven.wso2.org/nexus/content/repositories/releases/org/springframework/spring-beans/4.3.30.RELEASE/spring-beans-4.3.30.RELEASE.jar
2021-02-22 20:17:12,655 [AetherRepositoryConnector-maven.wso2.org-3-2] INFO  o.e.m.c.i.e.AbstractTransferListenerAdapter - Downloaded http://maven.wso2.org/nexus/content/repositories/releases/org/springframework/spring-orm/4.3.30.RELEASE/spring-orm-4.3.30.RELEASE.jar
2021-02-22 20:17:12,655 [AetherRepositoryConnector-maven.wso2.org-3-0] INFO  o.e.m.c.i.e.AbstractTransferListenerAdapter - Downloaded http://maven.wso2.org/nexus/content/repositories/releases/org/springframework/spring-jdbc/4.3.30.RELEASE/spring-jdbc-4.3.30.RELEASE.jar
2021-02-22 20:17:12,655 [AetherRepositoryConnector-maven.wso2.org-3-4] INFO  o.e.m.c.i.e.AbstractTransferListenerAdapter - Downloaded http://maven.wso2.org/nexus/content/repositories/releases/org/springframework/spring-web/4.3.30.RELEASE/spring-web-4.3.30.RELEASE.jar
2021-02-22 20:17:12,655 [AetherRepositoryConnector-maven.wso2.org-3-1] INFO  o.e.m.c.i.e.AbstractTransferListenerAdapter - Downloaded http://maven.wso2.org/nexus/content/repositories/releases/org/springframework/spring-webmvc/4.3.30.RELEASE/spring-webmvc-4.3.30.RELEASE.jar
2021-02-22 20:17:12,710 [AetherRepositoryConnector-repo.maven.apache.org-4-0] INFO  o.e.m.c.i.e.AbstractTransferListenerAdapter - Downloading https://repo.maven.apache.org/maven2/org/springframework/spring-core/4.3.30.RELEASE/spring-core-4.3.30.RELEASE.jar
2021-02-22 20:17:12,791 [AetherRepositoryConnector-repo.maven.apache.org-4-2] INFO  o.e.m.c.i.e.AbstractTransferListenerAdapter - Downloading https://repo.maven.apache.org/maven2/org/springframework/spring-aop/4.3.30.RELEASE/spring-aop-4.3.30.RELEASE.jar
2021-02-22 20:17:12,791 [AetherRepositoryConnector-repo.maven.apache.org-4-3] INFO  o.e.m.c.i.e.AbstractTransferListenerAdapter - Downloading https://repo.maven.apache.org/maven2/org/springframework/spring-beans/4.3.30.RELEASE/spring-beans-4.3.30.RELEASE.jar
2021-02-22 20:17:12,791 [AetherRepositoryConnector-repo.maven.apache.org-4-4] INFO  o.e.m.c.i.e.AbstractTransferListenerAdapter - Downloading https://repo.maven.apache.org/maven2/org/springframework/spring-expression/4.3.30.RELEASE/spring-expression-4.3.30.RELEASE.jar
2021-02-22 20:17:12,791 [AetherRepositoryConnector-repo.maven.apache.org-4-1] INFO  o.e.m.c.i.e.AbstractTransferListenerAdapter - Downloading https://repo.maven.apache.org/maven2/org/springframework/spring-context/4.3.30.RELEASE/spring-context-4.3.30.RELEASE.jar
2021-02-22 20:17:13,611 [AetherRepositoryConnector-repo.maven.apache.org-4-4] INFO  o.e.m.c.i.e.AbstractTransferListenerAdapter - Downloaded https://repo.maven.apache.org/maven2/org/springframework/spring-expression/4.3.30.RELEASE/spring-expression-4.3.30.RELEASE.jar
2021-02-22 20:17:13,739 [AetherRepositoryConnector-repo.maven.apache.org-4-4] INFO  o.e.m.c.i.e.AbstractTransferListenerAdapter - Downloading https://repo.maven.apache.org/maven2/org/springframework/spring-tx/4.3.30.RELEASE/spring-tx-4.3.30.RELEASE.jar
2021-02-22 20:17:13,811 [AetherRepositoryConnector-repo.maven.apache.org-4-2] INFO  o.e.m.c.i.e.AbstractTransferListenerAdapter - Downloaded https://repo.maven.apache.org/maven2/org/springframework/spring-aop/4.3.30.RELEASE/spring-aop-4.3.30.RELEASE.jar
2021-02-22 20:17:13,969 [AetherRepositoryConnector-repo.maven.apache.org-4-2] INFO  o.e.m.c.i.e.AbstractTransferListenerAdapter - Downloading https://repo.maven.apache.org/maven2/org/springframework/spring-orm/4.3.30.RELEASE/spring-orm-4.3.30.RELEASE.jar
2021-02-22 20:17:14,253 [AetherRepositoryConnector-repo.maven.apache.org-4-4] INFO  o.e.m.c.i.e.AbstractTransferListenerAdapter - Downloaded https://repo.maven.apache.org/maven2/org/springframework/spring-tx/4.3.30.RELEASE/spring-tx-4.3.30.RELEASE.jar
2021-02-22 20:17:14,380 [AetherRepositoryConnector-repo.maven.apache.org-4-4] INFO  o.e.m.c.i.e.AbstractTransferListenerAdapter - Downloading https://repo.maven.apache.org/maven2/org/springframework/spring-jdbc/4.3.30.RELEASE/spring-jdbc-4.3.30.RELEASE.jar
2021-02-22 20:17:14,515 [AetherRepositoryConnector-repo.maven.apache.org-4-3] INFO  o.e.m.c.i.e.AbstractTransferListenerAdapter - Downloaded https://repo.maven.apache.org/maven2/org/springframework/spring-beans/4.3.30.RELEASE/spring-beans-4.3.30.RELEASE.jar
2021-02-22 20:17:14,634 [AetherRepositoryConnector-repo.maven.apache.org-4-3] INFO  o.e.m.c.i.e.AbstractTransferListenerAdapter - Downloading https://repo.maven.apache.org/maven2/org/springframework/spring-web/4.3.30.RELEASE/spring-web-4.3.30.RELEASE.jar
2021-02-22 20:17:14,808 [AetherRepositoryConnector-repo.maven.apache.org-4-0] INFO  o.e.m.c.i.e.AbstractTransferListenerAdapter - Downloaded https://repo.maven.apache.org/maven2/org/springframework/spring-core/4.3.30.RELEASE/spring-core-4.3.30.RELEASE.jar
2021-02-22 20:17:14,808 [AetherRepositoryConnector-repo.maven.apache.org-4-2] INFO  o.e.m.c.i.e.AbstractTransferListenerAdapter - Downloaded https://repo.maven.apache.org/maven2/org/springframework/spring-orm/4.3.30.RELEASE/spring-orm-4.3.30.RELEASE.jar
2021-02-22 20:17:14,853 [AetherRepositoryConnector-repo.maven.apache.org-4-1] INFO  o.e.m.c.i.e.AbstractTransferListenerAdapter - Downloaded https://repo.maven.apache.org/maven2/org/springframework/spring-context/4.3.30.RELEASE/spring-context-4.3.30.RELEASE.jar
2021-02-22 20:17:14,952 [AetherRepositoryConnector-repo.maven.apache.org-4-4] INFO  o.e.m.c.i.e.AbstractTransferListenerAdapter - Downloaded https://repo.maven.apache.org/maven2/org/springframework/spring-jdbc/4.3.30.RELEASE/spring-jdbc-4.3.30.RELEASE.jar
2021-02-22 20:17:14,966 [AetherRepositoryConnector-repo.maven.apache.org-4-0] INFO  o.e.m.c.i.e.AbstractTransferListenerAdapter - Downloading https://repo.maven.apache.org/maven2/org/springframework/spring-webmvc/4.3.30.RELEASE/spring-webmvc-4.3.30.RELEASE.jar
2021-02-22 20:17:15,170 [AetherRepositoryConnector-repo.maven.apache.org-4-3] INFO  o.e.m.c.i.e.AbstractTransferListenerAdapter - Downloaded https://repo.maven.apache.org/maven2/org/springframework/spring-web/4.3.30.RELEASE/spring-web-4.3.30.RELEASE.jar
2021-02-22 20:17:15,339 [AetherRepositoryConnector-repo.maven.apache.org-4-0] INFO  o.e.m.c.i.e.AbstractTransferListenerAdapter - Downloaded https://repo.maven.apache.org/maven2/org/springframework/spring-webmvc/4.3.30.RELEASE/spring-webmvc-4.3.30.RELEASE.jar
2021-02-22 20:17:16,260 [Worker-45: Cleaning all projects] INFO  o.e.m.w.i.f.ResourceFilteringBuildParticipant - Cleaning filtered folder for springexample
2021-02-22 20:17:16,486 [Worker-49: Building Workspace] WARN  o.e.m.c.i.embedder.EclipseLogger - Using platform encoding (UTF-8 actually) to copy filtered resources, i.e. build is platform dependent!
2021-02-22 20:17:16,487 [Worker-49: Building Workspace] INFO  o.e.m.c.i.embedder.EclipseLogger - Copying 2 resources
2021-02-22 20:17:16,495 [Worker-49: Building Workspace] WARN  o.e.m.c.i.embedder.EclipseLogger - Using platform encoding (UTF-8 actually) to copy filtered resources, i.e. build is platform dependent!
2021-02-22 20:17:16,496 [Worker-49: Building Workspace] INFO  o.e.m.c.i.embedder.EclipseLogger - skip non existing resourceDirectory /home/peterpetrekanics/Documents/from_Marci/atomikos/eclipse/to_be_imported/springexample/src/test/resources
2021-02-22 20:17:16,496 [Worker-49: Building Workspace] INFO  o.e.m.w.i.f.ResourceFilteringBuildParticipant - Changed resources require a complete clean of filtered resources of springexample
2021-02-22 20:17:16,496 [Worker-49: Building Workspace] INFO  o.e.m.w.i.f.ResourceFilteringBuildParticipant - Executing resource filtering for springexample
2021-02-22 20:17:16,500 [Worker-49: Building Workspace] WARN  o.e.m.c.i.embedder.EclipseLogger - Using platform encoding (UTF-8 actually) to copy filtered resources, i.e. build is platform dependent!
2021-02-22 20:17:17,417 [Worker-50: Download sources and javadoc] INFO  o.e.m.c.i.e.AbstractTransferListenerAdapter - Downloaded https://www.mvnrepository.com/org/springframework/spring-core/4.3.30.RELEASE/spring-core-4.3.30.RELEASE-sources.jar
2021-02-22 20:17:18,023 [Worker-50: Download sources and javadoc] INFO  o.e.m.c.i.e.AbstractTransferListenerAdapter - Downloaded https://repository-cdn.liferay.com/nexus/content/repositories/liferay-public-releases/org/springframework/spring-core/4.3.30.RELEASE/spring-core-4.3.30.RELEASE-sources.jar
2021-02-22 20:17:18,747 [Worker-50: Download sources and javadoc] INFO  o.e.m.c.i.e.AbstractTransferListenerAdapter - Downloaded https://repository-cdn.liferay.com/nexus/content/repositories/liferay-public-snapshots/org/springframework/spring-core/4.3.30.RELEASE/spring-core-4.3.30.RELEASE-sources.jar
2021-02-22 20:17:19,121 [Worker-50: Download sources and javadoc] INFO  o.e.m.c.i.e.AbstractTransferListenerAdapter - Downloaded http://maven.wso2.org/nexus/content/repositories/releases/org/springframework/spring-core/4.3.30.RELEASE/spring-core-4.3.30.RELEASE-sources.jar
2021-02-22 20:17:19,433 [Worker-50: Download sources and javadoc] INFO  o.e.m.c.i.e.AbstractTransferListenerAdapter - Downloading https://repo.maven.apache.org/maven2/org/springframework/spring-core/4.3.30.RELEASE/spring-core-4.3.30.RELEASE-sources.jar
2021-02-22 20:17:20,091 [Worker-50: Download sources and javadoc] INFO  o.e.m.c.i.e.AbstractTransferListenerAdapter - Downloaded https://repo.maven.apache.org/maven2/org/springframework/spring-core/4.3.30.RELEASE/spring-core-4.3.30.RELEASE-sources.jar
2021-02-22 20:17:20,131 [Worker-50: Download sources and javadoc] INFO  o.e.m.j.internal.DownloadSourcesJob - Downloaded sources for org.springframework:spring-core:4.3.30.RELEASE
2021-02-22 20:17:20,279 [Worker-50: Download sources and javadoc] INFO  o.e.m.c.i.e.AbstractTransferListenerAdapter - Downloaded https://www.mvnrepository.com/commons-logging/commons-logging/1.2/commons-logging-1.2-sources.jar
2021-02-22 20:17:20,868 [Worker-50: Download sources and javadoc] INFO  o.e.m.c.i.e.AbstractTransferListenerAdapter - Downloaded https://repository-cdn.liferay.com/nexus/content/repositories/liferay-public-releases/commons-logging/commons-logging/1.2/commons-logging-1.2-sources.jar
2021-02-22 20:17:21,544 [Worker-50: Download sources and javadoc] INFO  o.e.m.c.i.e.AbstractTransferListenerAdapter - Downloaded https://repository-cdn.liferay.com/nexus/content/repositories/liferay-public-snapshots/commons-logging/commons-logging/1.2/commons-logging-1.2-sources.jar
2021-02-22 20:17:24,513 [Worker-50: Download sources and javadoc] INFO  o.e.m.c.i.e.AbstractTransferListenerAdapter - Downloaded http://maven.wso2.org/nexus/content/repositories/releases/commons-logging/commons-logging/1.2/commons-logging-1.2-sources.jar
2021-02-22 20:17:24,760 [Worker-50: Download sources and javadoc] INFO  o.e.m.c.i.e.AbstractTransferListenerAdapter - Downloading https://repo.maven.apache.org/maven2/commons-logging/commons-logging/1.2/commons-logging-1.2-sources.jar
2021-02-22 20:17:24,848 [Worker-50: Download sources and javadoc] INFO  o.e.m.c.i.e.AbstractTransferListenerAdapter - Downloaded https://repo.maven.apache.org/maven2/commons-logging/commons-logging/1.2/commons-logging-1.2-sources.jar
2021-02-22 20:17:24,989 [Worker-50: Download sources and javadoc] INFO  o.e.m.j.internal.DownloadSourcesJob - Downloaded sources for commons-logging:commons-logging:1.2
2021-02-22 20:17:25,174 [Worker-50: Download sources and javadoc] INFO  o.e.m.c.i.e.AbstractTransferListenerAdapter - Downloaded https://www.mvnrepository.com/org/springframework/spring-context/4.3.30.RELEASE/spring-context-4.3.30.RELEASE-sources.jar
2021-02-22 20:17:25,846 [Worker-50: Download sources and javadoc] INFO  o.e.m.c.i.e.AbstractTransferListenerAdapter - Downloaded https://repository-cdn.liferay.com/nexus/content/repositories/liferay-public-releases/org/springframework/spring-context/4.3.30.RELEASE/spring-context-4.3.30.RELEASE-sources.jar
2021-02-22 20:17:26,556 [Worker-50: Download sources and javadoc] INFO  o.e.m.c.i.e.AbstractTransferListenerAdapter - Downloaded https://repository-cdn.liferay.com/nexus/content/repositories/liferay-public-snapshots/org/springframework/spring-context/4.3.30.RELEASE/spring-context-4.3.30.RELEASE-sources.jar
2021-02-22 20:17:26,826 [Worker-50: Download sources and javadoc] INFO  o.e.m.c.i.e.AbstractTransferListenerAdapter - Downloaded http://maven.wso2.org/nexus/content/repositories/releases/org/springframework/spring-context/4.3.30.RELEASE/spring-context-4.3.30.RELEASE-sources.jar
2021-02-22 20:17:27,120 [Worker-50: Download sources and javadoc] INFO  o.e.m.c.i.e.AbstractTransferListenerAdapter - Downloading https://repo.maven.apache.org/maven2/org/springframework/spring-context/4.3.30.RELEASE/spring-context-4.3.30.RELEASE-sources.jar
2021-02-22 20:17:27,891 [Worker-50: Download sources and javadoc] INFO  o.e.m.c.i.e.AbstractTransferListenerAdapter - Downloaded https://repo.maven.apache.org/maven2/org/springframework/spring-context/4.3.30.RELEASE/spring-context-4.3.30.RELEASE-sources.jar
2021-02-22 20:17:27,943 [Worker-50: Download sources and javadoc] INFO  o.e.m.j.internal.DownloadSourcesJob - Downloaded sources for org.springframework:spring-context:4.3.30.RELEASE
2021-02-22 20:17:28,152 [Worker-50: Download sources and javadoc] INFO  o.e.m.c.i.e.AbstractTransferListenerAdapter - Downloaded https://www.mvnrepository.com/org/springframework/spring-aop/4.3.30.RELEASE/spring-aop-4.3.30.RELEASE-sources.jar
2021-02-22 20:17:28,794 [Worker-50: Download sources and javadoc] INFO  o.e.m.c.i.e.AbstractTransferListenerAdapter - Downloaded https://repository-cdn.liferay.com/nexus/content/repositories/liferay-public-releases/org/springframework/spring-aop/4.3.30.RELEASE/spring-aop-4.3.30.RELEASE-sources.jar
2021-02-22 20:17:29,429 [Worker-50: Download sources and javadoc] INFO  o.e.m.c.i.e.AbstractTransferListenerAdapter - Downloaded https://repository-cdn.liferay.com/nexus/content/repositories/liferay-public-snapshots/org/springframework/spring-aop/4.3.30.RELEASE/spring-aop-4.3.30.RELEASE-sources.jar
2021-02-22 20:17:29,839 [Worker-50: Download sources and javadoc] INFO  o.e.m.c.i.e.AbstractTransferListenerAdapter - Downloaded http://maven.wso2.org/nexus/content/repositories/releases/org/springframework/spring-aop/4.3.30.RELEASE/spring-aop-4.3.30.RELEASE-sources.jar
2021-02-22 20:17:30,082 [Worker-50: Download sources and javadoc] INFO  o.e.m.c.i.e.AbstractTransferListenerAdapter - Downloading https://repo.maven.apache.org/maven2/org/springframework/spring-aop/4.3.30.RELEASE/spring-aop-4.3.30.RELEASE-sources.jar
2021-02-22 20:17:30,351 [Worker-50: Download sources and javadoc] INFO  o.e.m.c.i.e.AbstractTransferListenerAdapter - Downloaded https://repo.maven.apache.org/maven2/org/springframework/spring-aop/4.3.30.RELEASE/spring-aop-4.3.30.RELEASE-sources.jar
2021-02-22 20:17:30,457 [Worker-50: Download sources and javadoc] INFO  o.e.m.j.internal.DownloadSourcesJob - Downloaded sources for org.springframework:spring-aop:4.3.30.RELEASE
2021-02-22 20:17:30,655 [Worker-50: Download sources and javadoc] INFO  o.e.m.c.i.e.AbstractTransferListenerAdapter - Downloaded https://www.mvnrepository.com/org/springframework/spring-beans/4.3.30.RELEASE/spring-beans-4.3.30.RELEASE-sources.jar
2021-02-22 20:17:31,273 [Worker-50: Download sources and javadoc] INFO  o.e.m.c.i.e.AbstractTransferListenerAdapter - Downloaded https://repository-cdn.liferay.com/nexus/content/repositories/liferay-public-releases/org/springframework/spring-beans/4.3.30.RELEASE/spring-beans-4.3.30.RELEASE-sources.jar
2021-02-22 20:17:31,902 [Worker-50: Download sources and javadoc] INFO  o.e.m.c.i.e.AbstractTransferListenerAdapter - Downloaded https://repository-cdn.liferay.com/nexus/content/repositories/liferay-public-snapshots/org/springframework/spring-beans/4.3.30.RELEASE/spring-beans-4.3.30.RELEASE-sources.jar
2021-02-22 20:17:32,242 [Worker-50: Download sources and javadoc] INFO  o.e.m.c.i.e.AbstractTransferListenerAdapter - Downloaded http://maven.wso2.org/nexus/content/repositories/releases/org/springframework/spring-beans/4.3.30.RELEASE/spring-beans-4.3.30.RELEASE-sources.jar
2021-02-22 20:17:32,517 [Worker-50: Download sources and javadoc] INFO  o.e.m.c.i.e.AbstractTransferListenerAdapter - Downloading https://repo.maven.apache.org/maven2/org/springframework/spring-beans/4.3.30.RELEASE/spring-beans-4.3.30.RELEASE-sources.jar
2021-02-22 20:17:32,954 [Worker-50: Download sources and javadoc] INFO  o.e.m.c.i.e.AbstractTransferListenerAdapter - Downloaded https://repo.maven.apache.org/maven2/org/springframework/spring-beans/4.3.30.RELEASE/spring-beans-4.3.30.RELEASE-sources.jar
2021-02-22 20:17:33,002 [Worker-50: Download sources and javadoc] INFO  o.e.m.j.internal.DownloadSourcesJob - Downloaded sources for org.springframework:spring-beans:4.3.30.RELEASE
2021-02-22 20:17:33,211 [Worker-50: Download sources and javadoc] INFO  o.e.m.c.i.e.AbstractTransferListenerAdapter - Downloaded https://www.mvnrepository.com/org/springframework/spring-expression/4.3.30.RELEASE/spring-expression-4.3.30.RELEASE-sources.jar
2021-02-22 20:17:34,857 [Worker-50: Download sources and javadoc] INFO  o.e.m.c.i.e.AbstractTransferListenerAdapter - Downloaded https://repository-cdn.liferay.com/nexus/content/repositories/liferay-public-releases/org/springframework/spring-expression/4.3.30.RELEASE/spring-expression-4.3.30.RELEASE-sources.jar
2021-02-22 20:17:35,446 [Worker-50: Download sources and javadoc] INFO  o.e.m.c.i.e.AbstractTransferListenerAdapter - Downloaded https://repository-cdn.liferay.com/nexus/content/repositories/liferay-public-snapshots/org/springframework/spring-expression/4.3.30.RELEASE/spring-expression-4.3.30.RELEASE-sources.jar
2021-02-22 20:17:35,778 [Worker-50: Download sources and javadoc] INFO  o.e.m.c.i.e.AbstractTransferListenerAdapter - Downloaded http://maven.wso2.org/nexus/content/repositories/releases/org/springframework/spring-expression/4.3.30.RELEASE/spring-expression-4.3.30.RELEASE-sources.jar
2021-02-22 20:17:36,024 [Worker-50: Download sources and javadoc] INFO  o.e.m.c.i.e.AbstractTransferListenerAdapter - Downloading https://repo.maven.apache.org/maven2/org/springframework/spring-expression/4.3.30.RELEASE/spring-expression-4.3.30.RELEASE-sources.jar
2021-02-22 20:17:36,215 [Worker-50: Download sources and javadoc] INFO  o.e.m.c.i.e.AbstractTransferListenerAdapter - Downloaded https://repo.maven.apache.org/maven2/org/springframework/spring-expression/4.3.30.RELEASE/spring-expression-4.3.30.RELEASE-sources.jar
2021-02-22 20:17:36,263 [Worker-50: Download sources and javadoc] INFO  o.e.m.j.internal.DownloadSourcesJob - Downloaded sources for org.springframework:spring-expression:4.3.30.RELEASE
2021-02-22 20:17:36,475 [Worker-50: Download sources and javadoc] INFO  o.e.m.c.i.e.AbstractTransferListenerAdapter - Downloaded https://www.mvnrepository.com/org/springframework/spring-tx/4.3.30.RELEASE/spring-tx-4.3.30.RELEASE-sources.jar
2021-02-22 20:17:37,050 [Worker-50: Download sources and javadoc] INFO  o.e.m.c.i.e.AbstractTransferListenerAdapter - Downloaded https://repository-cdn.liferay.com/nexus/content/repositories/liferay-public-releases/org/springframework/spring-tx/4.3.30.RELEASE/spring-tx-4.3.30.RELEASE-sources.jar
2021-02-22 20:17:37,636 [Worker-50: Download sources and javadoc] INFO  o.e.m.c.i.e.AbstractTransferListenerAdapter - Downloaded https://repository-cdn.liferay.com/nexus/content/repositories/liferay-public-snapshots/org/springframework/spring-tx/4.3.30.RELEASE/spring-tx-4.3.30.RELEASE-sources.jar
2021-02-22 20:17:37,982 [Worker-50: Download sources and javadoc] INFO  o.e.m.c.i.e.AbstractTransferListenerAdapter - Downloaded http://maven.wso2.org/nexus/content/repositories/releases/org/springframework/spring-tx/4.3.30.RELEASE/spring-tx-4.3.30.RELEASE-sources.jar
2021-02-22 20:17:38,237 [Worker-50: Download sources and javadoc] INFO  o.e.m.c.i.e.AbstractTransferListenerAdapter - Downloading https://repo.maven.apache.org/maven2/org/springframework/spring-tx/4.3.30.RELEASE/spring-tx-4.3.30.RELEASE-sources.jar
2021-02-22 20:17:38,517 [Worker-50: Download sources and javadoc] INFO  o.e.m.c.i.e.AbstractTransferListenerAdapter - Downloaded https://repo.maven.apache.org/maven2/org/springframework/spring-tx/4.3.30.RELEASE/spring-tx-4.3.30.RELEASE-sources.jar
2021-02-22 20:17:38,567 [Worker-50: Download sources and javadoc] INFO  o.e.m.j.internal.DownloadSourcesJob - Downloaded sources for org.springframework:spring-tx:4.3.30.RELEASE
2021-02-22 20:17:38,752 [Worker-50: Download sources and javadoc] INFO  o.e.m.c.i.e.AbstractTransferListenerAdapter - Downloaded https://www.mvnrepository.com/org/springframework/spring-orm/4.3.30.RELEASE/spring-orm-4.3.30.RELEASE-sources.jar
2021-02-22 20:17:39,024 [Worker-50: Download sources and javadoc] INFO  o.e.m.c.i.e.AbstractTransferListenerAdapter - Downloaded https://repository-cdn.liferay.com/nexus/content/repositories/liferay-public-releases/org/springframework/spring-orm/4.3.30.RELEASE/spring-orm-4.3.30.RELEASE-sources.jar
2021-02-22 20:17:39,604 [Worker-50: Download sources and javadoc] INFO  o.e.m.c.i.e.AbstractTransferListenerAdapter - Downloaded https://repository-cdn.liferay.com/nexus/content/repositories/liferay-public-snapshots/org/springframework/spring-orm/4.3.30.RELEASE/spring-orm-4.3.30.RELEASE-sources.jar
2021-02-22 20:17:39,983 [Worker-50: Download sources and javadoc] INFO  o.e.m.c.i.e.AbstractTransferListenerAdapter - Downloaded http://maven.wso2.org/nexus/content/repositories/releases/org/springframework/spring-orm/4.3.30.RELEASE/spring-orm-4.3.30.RELEASE-sources.jar
2021-02-22 20:17:40,218 [Worker-50: Download sources and javadoc] INFO  o.e.m.c.i.e.AbstractTransferListenerAdapter - Downloading https://repo.maven.apache.org/maven2/org/springframework/spring-orm/4.3.30.RELEASE/spring-orm-4.3.30.RELEASE-sources.jar
2021-02-22 20:17:40,652 [Worker-50: Download sources and javadoc] INFO  o.e.m.c.i.e.AbstractTransferListenerAdapter - Downloaded https://repo.maven.apache.org/maven2/org/springframework/spring-orm/4.3.30.RELEASE/spring-orm-4.3.30.RELEASE-sources.jar
2021-02-22 20:17:40,702 [Worker-50: Download sources and javadoc] INFO  o.e.m.j.internal.DownloadSourcesJob - Downloaded sources for org.springframework:spring-orm:4.3.30.RELEASE
2021-02-22 20:17:40,876 [Worker-50: Download sources and javadoc] INFO  o.e.m.c.i.e.AbstractTransferListenerAdapter - Downloaded https://www.mvnrepository.com/org/springframework/spring-jdbc/4.3.30.RELEASE/spring-jdbc-4.3.30.RELEASE-sources.jar
2021-02-22 20:17:41,474 [Worker-50: Download sources and javadoc] INFO  o.e.m.c.i.e.AbstractTransferListenerAdapter - Downloaded https://repository-cdn.liferay.com/nexus/content/repositories/liferay-public-releases/org/springframework/spring-jdbc/4.3.30.RELEASE/spring-jdbc-4.3.30.RELEASE-sources.jar
2021-02-22 20:17:42,088 [Worker-50: Download sources and javadoc] INFO  o.e.m.c.i.e.AbstractTransferListenerAdapter - Downloaded https://repository-cdn.liferay.com/nexus/content/repositories/liferay-public-snapshots/org/springframework/spring-jdbc/4.3.30.RELEASE/spring-jdbc-4.3.30.RELEASE-sources.jar
2021-02-22 20:17:42,434 [Worker-50: Download sources and javadoc] INFO  o.e.m.c.i.e.AbstractTransferListenerAdapter - Downloaded http://maven.wso2.org/nexus/content/repositories/releases/org/springframework/spring-jdbc/4.3.30.RELEASE/spring-jdbc-4.3.30.RELEASE-sources.jar
2021-02-22 20:17:42,704 [Worker-50: Download sources and javadoc] INFO  o.e.m.c.i.e.AbstractTransferListenerAdapter - Downloading https://repo.maven.apache.org/maven2/org/springframework/spring-jdbc/4.3.30.RELEASE/spring-jdbc-4.3.30.RELEASE-sources.jar
2021-02-22 20:17:43,101 [Worker-50: Download sources and javadoc] INFO  o.e.m.c.i.e.AbstractTransferListenerAdapter - Downloaded https://repo.maven.apache.org/maven2/org/springframework/spring-jdbc/4.3.30.RELEASE/spring-jdbc-4.3.30.RELEASE-sources.jar
2021-02-22 20:17:43,154 [Worker-50: Download sources and javadoc] INFO  o.e.m.j.internal.DownloadSourcesJob - Downloaded sources for org.springframework:spring-jdbc:4.3.30.RELEASE
2021-02-22 20:17:43,363 [Worker-50: Download sources and javadoc] INFO  o.e.m.c.i.e.AbstractTransferListenerAdapter - Downloaded https://www.mvnrepository.com/org/springframework/spring-web/4.3.30.RELEASE/spring-web-4.3.30.RELEASE-sources.jar
2021-02-22 20:17:43,985 [Worker-50: Download sources and javadoc] INFO  o.e.m.c.i.e.AbstractTransferListenerAdapter - Downloaded https://repository-cdn.liferay.com/nexus/content/repositories/liferay-public-releases/org/springframework/spring-web/4.3.30.RELEASE/spring-web-4.3.30.RELEASE-sources.jar
2021-02-22 20:17:44,577 [Worker-50: Download sources and javadoc] INFO  o.e.m.c.i.e.AbstractTransferListenerAdapter - Downloaded https://repository-cdn.liferay.com/nexus/content/repositories/liferay-public-snapshots/org/springframework/spring-web/4.3.30.RELEASE/spring-web-4.3.30.RELEASE-sources.jar
2021-02-22 20:17:44,916 [Worker-50: Download sources and javadoc] INFO  o.e.m.c.i.e.AbstractTransferListenerAdapter - Downloaded http://maven.wso2.org/nexus/content/repositories/releases/org/springframework/spring-web/4.3.30.RELEASE/spring-web-4.3.30.RELEASE-sources.jar
2021-02-22 20:17:45,166 [Worker-50: Download sources and javadoc] INFO  o.e.m.c.i.e.AbstractTransferListenerAdapter - Downloading https://repo.maven.apache.org/maven2/org/springframework/spring-web/4.3.30.RELEASE/spring-web-4.3.30.RELEASE-sources.jar
2021-02-22 20:17:45,735 [Worker-50: Download sources and javadoc] INFO  o.e.m.c.i.e.AbstractTransferListenerAdapter - Downloaded https://repo.maven.apache.org/maven2/org/springframework/spring-web/4.3.30.RELEASE/spring-web-4.3.30.RELEASE-sources.jar
2021-02-22 20:17:45,784 [Worker-50: Download sources and javadoc] INFO  o.e.m.j.internal.DownloadSourcesJob - Downloaded sources for org.springframework:spring-web:4.3.30.RELEASE
2021-02-22 20:17:45,973 [Worker-50: Download sources and javadoc] INFO  o.e.m.c.i.e.AbstractTransferListenerAdapter - Downloaded https://www.mvnrepository.com/org/springframework/spring-webmvc/4.3.30.RELEASE/spring-webmvc-4.3.30.RELEASE-sources.jar
2021-02-22 20:17:46,567 [Worker-50: Download sources and javadoc] INFO  o.e.m.c.i.e.AbstractTransferListenerAdapter - Downloaded https://repository-cdn.liferay.com/nexus/content/repositories/liferay-public-releases/org/springframework/spring-webmvc/4.3.30.RELEASE/spring-webmvc-4.3.30.RELEASE-sources.jar
2021-02-22 20:17:47,140 [Worker-50: Download sources and javadoc] INFO  o.e.m.c.i.e.AbstractTransferListenerAdapter - Downloaded https://repository-cdn.liferay.com/nexus/content/repositories/liferay-public-snapshots/org/springframework/spring-webmvc/4.3.30.RELEASE/spring-webmvc-4.3.30.RELEASE-sources.jar
2021-02-22 20:17:47,472 [Worker-50: Download sources and javadoc] INFO  o.e.m.c.i.e.AbstractTransferListenerAdapter - Downloaded http://maven.wso2.org/nexus/content/repositories/releases/org/springframework/spring-webmvc/4.3.30.RELEASE/spring-webmvc-4.3.30.RELEASE-sources.jar
2021-02-22 20:17:47,715 [Worker-50: Download sources and javadoc] INFO  o.e.m.c.i.e.AbstractTransferListenerAdapter - Downloading https://repo.maven.apache.org/maven2/org/springframework/spring-webmvc/4.3.30.RELEASE/spring-webmvc-4.3.30.RELEASE-sources.jar
2021-02-22 20:17:48,149 [Worker-50: Download sources and javadoc] INFO  o.e.m.c.i.e.AbstractTransferListenerAdapter - Downloaded https://repo.maven.apache.org/maven2/org/springframework/spring-webmvc/4.3.30.RELEASE/spring-webmvc-4.3.30.RELEASE-sources.jar
2021-02-22 20:17:48,190 [Worker-50: Download sources and javadoc] INFO  o.e.m.j.internal.DownloadSourcesJob - Downloaded sources for org.springframework:spring-webmvc:4.3.30.RELEASE
2021-02-22 20:23:41,824 [Worker-44: Cleaning all projects] INFO  o.e.m.w.i.f.ResourceFilteringBuildParticipant - Cleaning filtered folder for springexample
2021-02-22 20:23:41,869 [Worker-49: Building Workspace] WARN  o.e.m.c.i.embedder.EclipseLogger - Using platform encoding (UTF-8 actually) to copy filtered resources, i.e. build is platform dependent!
2021-02-22 20:23:41,870 [Worker-49: Building Workspace] INFO  o.e.m.c.i.embedder.EclipseLogger - Copying 2 resources
2021-02-22 20:23:41,871 [Worker-49: Building Workspace] WARN  o.e.m.c.i.embedder.EclipseLogger - Using platform encoding (UTF-8 actually) to copy filtered resources, i.e. build is platform dependent!
2021-02-22 20:23:41,871 [Worker-49: Building Workspace] INFO  o.e.m.c.i.embedder.EclipseLogger - skip non existing resourceDirectory /home/peterpetrekanics/Documents/from_Marci/atomikos/eclipse/to_be_imported/springexample/src/test/resources
2021-02-22 20:23:41,872 [Worker-49: Building Workspace] INFO  o.e.m.w.i.f.ResourceFilteringBuildParticipant - Changed resources require a complete clean of filtered resources of springexample
2021-02-22 20:23:41,872 [Worker-49: Building Workspace] INFO  o.e.m.w.i.f.ResourceFilteringBuildParticipant - Executing resource filtering for springexample
2021-02-22 20:23:41,875 [Worker-49: Building Workspace] WARN  o.e.m.c.i.embedder.EclipseLogger - Using platform encoding (UTF-8 actually) to copy filtered resources, i.e. build is platform dependent!
2021-02-22 20:37:11,111 [Worker-68: Cleaning all projects] INFO  o.e.m.w.i.f.ResourceFilteringBuildParticipant - Cleaning filtered folder for springexample
2021-02-22 20:37:11,149 [Worker-69: Building Workspace] WARN  o.e.m.c.i.embedder.EclipseLogger - Using platform encoding (UTF-8 actually) to copy filtered resources, i.e. build is platform dependent!
2021-02-22 20:37:11,150 [Worker-69: Building Workspace] INFO  o.e.m.c.i.embedder.EclipseLogger - Copying 2 resources
2021-02-22 20:37:11,151 [Worker-69: Building Workspace] WARN  o.e.m.c.i.embedder.EclipseLogger - Using platform encoding (UTF-8 actually) to copy filtered resources, i.e. build is platform dependent!
2021-02-22 20:37:11,152 [Worker-69: Building Workspace] INFO  o.e.m.c.i.embedder.EclipseLogger - skip non existing resourceDirectory /home/peterpetrekanics/Documents/from_Marci/atomikos/eclipse/to_be_imported/springexample/src/test/resources
2021-02-22 20:37:11,152 [Worker-69: Building Workspace] INFO  o.e.m.w.i.f.ResourceFilteringBuildParticipant - Changed resources require a complete clean of filtered resources of springexample
2021-02-22 20:37:11,152 [Worker-69: Building Workspace] INFO  o.e.m.w.i.f.ResourceFilteringBuildParticipant - Executing resource filtering for springexample
2021-02-22 20:37:11,156 [Worker-69: Building Workspace] WARN  o.e.m.c.i.embedder.EclipseLogger - Using platform encoding (UTF-8 actually) to copy filtered resources, i.e. build is platform dependent!
2021-02-22 20:42:24,191 [Worker-70: Cleaning all projects] INFO  o.e.m.w.i.f.ResourceFilteringBuildParticipant - Cleaning filtered folder for springexample
2021-02-22 20:42:24,233 [Worker-68: Building Workspace] WARN  o.e.m.c.i.embedder.EclipseLogger - Using platform encoding (UTF-8 actually) to copy filtered resources, i.e. build is platform dependent!
2021-02-22 20:42:24,234 [Worker-68: Building Workspace] INFO  o.e.m.c.i.embedder.EclipseLogger - Copying 2 resources
2021-02-22 20:42:24,235 [Worker-68: Building Workspace] WARN  o.e.m.c.i.embedder.EclipseLogger - Using platform encoding (UTF-8 actually) to copy filtered resources, i.e. build is platform dependent!
2021-02-22 20:42:24,236 [Worker-68: Building Workspace] INFO  o.e.m.c.i.embedder.EclipseLogger - skip non existing resourceDirectory /home/peterpetrekanics/Documents/from_Marci/atomikos/eclipse/to_be_imported/springexample/src/test/resources
2021-02-22 20:42:24,236 [Worker-68: Building Workspace] INFO  o.e.m.w.i.f.ResourceFilteringBuildParticipant - Changed resources require a complete clean of filtered resources of springexample
2021-02-22 20:42:24,236 [Worker-68: Building Workspace] INFO  o.e.m.w.i.f.ResourceFilteringBuildParticipant - Executing resource filtering for springexample
2021-02-22 20:42:24,240 [Worker-68: Building Workspace] WARN  o.e.m.c.i.embedder.EclipseLogger - Using platform encoding (UTF-8 actually) to copy filtered resources, i.e. build is platform dependent!
2021-02-23 05:57:17,415 [Worker-0: Loading available Gradle versions] INFO  o.e.b.c.i.u.g.PublishedGradleVersions - Gradle version information cache is up-to-date. Trying to read.
2021-02-23 06:03:46,786 [Worker-19: Cleaning all projects] INFO  o.e.m.w.i.f.ResourceFilteringBuildParticipant - Cleaning filtered folder for springexample
2021-02-23 06:03:47,347 [Worker-21: Building Workspace] WARN  o.e.m.c.i.embedder.EclipseLogger - Using platform encoding (UTF-8 actually) to copy filtered resources, i.e. build is platform dependent!
2021-02-23 06:03:47,351 [Worker-21: Building Workspace] INFO  o.e.m.c.i.embedder.EclipseLogger - Copying 2 resources
2021-02-23 06:03:47,361 [Worker-21: Building Workspace] WARN  o.e.m.c.i.embedder.EclipseLogger - Using platform encoding (UTF-8 actually) to copy filtered resources, i.e. build is platform dependent!
2021-02-23 06:03:47,361 [Worker-21: Building Workspace] INFO  o.e.m.c.i.embedder.EclipseLogger - skip non existing resourceDirectory /home/peterpetrekanics/Documents/from_Marci/atomikos/eclipse/to_be_imported/springexample/src/test/resources
2021-02-23 06:03:47,362 [Worker-21: Building Workspace] INFO  o.e.m.w.i.f.ResourceFilteringBuildParticipant - Changed resources require a complete clean of filtered resources of springexample
2021-02-23 06:03:47,363 [Worker-21: Building Workspace] INFO  o.e.m.w.i.f.ResourceFilteringBuildParticipant - Executing resource filtering for springexample
2021-02-23 06:03:47,379 [Worker-21: Building Workspace] WARN  o.e.m.c.i.embedder.EclipseLogger - Using platform encoding (UTF-8 actually) to copy filtered resources, i.e. build is platform dependent!
2021-02-23 06:04:20,691 [Worker-24: Building] WARN  o.e.m.c.i.embedder.EclipseLogger - Using platform encoding (UTF-8 actually) to copy filtered resources, i.e. build is platform dependent!
2021-02-23 06:04:20,693 [Worker-24: Building] INFO  o.e.m.c.i.embedder.EclipseLogger - Copying 2 resources
2021-02-23 06:04:20,694 [Worker-24: Building] WARN  o.e.m.c.i.embedder.EclipseLogger - Using platform encoding (UTF-8 actually) to copy filtered resources, i.e. build is platform dependent!
2021-02-23 06:04:20,695 [Worker-24: Building] INFO  o.e.m.c.i.embedder.EclipseLogger - skip non existing resourceDirectory /home/peterpetrekanics/Documents/from_Marci/atomikos/eclipse/to_be_imported/springexample/src/test/resources
2021-02-23 06:08:40,700 [Worker-26: Building] WARN  o.e.m.c.i.embedder.EclipseLogger - Using platform encoding (UTF-8 actually) to copy filtered resources, i.e. build is platform dependent!
2021-02-23 06:08:40,701 [Worker-26: Building] INFO  o.e.m.c.i.embedder.EclipseLogger - Copying 2 resources
2021-02-23 06:08:40,702 [Worker-26: Building] WARN  o.e.m.c.i.embedder.EclipseLogger - Using platform encoding (UTF-8 actually) to copy filtered resources, i.e. build is platform dependent!
2021-02-23 06:08:40,703 [Worker-26: Building] INFO  o.e.m.c.i.embedder.EclipseLogger - skip non existing resourceDirectory /home/peterpetrekanics/Documents/from_Marci/atomikos/eclipse/to_be_imported/springexample/src/test/resources
2021-02-23 06:11:09,900 [Worker-26: Building] WARN  o.e.m.c.i.embedder.EclipseLogger - Using platform encoding (UTF-8 actually) to copy filtered resources, i.e. build is platform dependent!
2021-02-23 06:11:09,901 [Worker-26: Building] INFO  o.e.m.c.i.embedder.EclipseLogger - Copying 2 resources
2021-02-23 06:11:09,903 [Worker-26: Building] WARN  o.e.m.c.i.embedder.EclipseLogger - Using platform encoding (UTF-8 actually) to copy filtered resources, i.e. build is platform dependent!
2021-02-23 06:11:09,903 [Worker-26: Building] INFO  o.e.m.c.i.embedder.EclipseLogger - skip non existing resourceDirectory /home/peterpetrekanics/Documents/from_Marci/atomikos/eclipse/to_be_imported/springexample/src/test/resources
2021-02-23 06:13:03,624 [Worker-21: Building] WARN  o.e.m.c.i.embedder.EclipseLogger - Using platform encoding (UTF-8 actually) to copy filtered resources, i.e. build is platform dependent!
2021-02-23 06:13:03,625 [Worker-21: Building] INFO  o.e.m.c.i.embedder.EclipseLogger - Copying 2 resources
2021-02-23 06:13:03,626 [Worker-21: Building] WARN  o.e.m.c.i.embedder.EclipseLogger - Using platform encoding (UTF-8 actually) to copy filtered resources, i.e. build is platform dependent!
2021-02-23 06:13:03,626 [Worker-21: Building] INFO  o.e.m.c.i.embedder.EclipseLogger - skip non existing resourceDirectory /home/peterpetrekanics/Documents/from_Marci/atomikos/eclipse/to_be_imported/springexample/src/test/resources
2021-02-23 06:13:22,546 [Worker-27: Building] WARN  o.e.m.c.i.embedder.EclipseLogger - Using platform encoding (UTF-8 actually) to copy filtered resources, i.e. build is platform dependent!
2021-02-23 06:13:22,547 [Worker-27: Building] INFO  o.e.m.c.i.embedder.EclipseLogger - Copying 2 resources
2021-02-23 06:13:22,548 [Worker-27: Building] WARN  o.e.m.c.i.embedder.EclipseLogger - Using platform encoding (UTF-8 actually) to copy filtered resources, i.e. build is platform dependent!
2021-02-23 06:13:22,548 [Worker-27: Building] INFO  o.e.m.c.i.embedder.EclipseLogger - skip non existing resourceDirectory /home/peterpetrekanics/Documents/from_Marci/atomikos/eclipse/to_be_imported/springexample/src/test/resources
2021-02-23 06:21:46,736 [Worker-28: Building] WARN  o.e.m.c.i.embedder.EclipseLogger - Using platform encoding (UTF-8 actually) to copy filtered resources, i.e. build is platform dependent!
2021-02-23 06:21:46,736 [Worker-28: Building] INFO  o.e.m.c.i.embedder.EclipseLogger - Copying 2 resources
2021-02-23 06:21:46,738 [Worker-28: Building] WARN  o.e.m.c.i.embedder.EclipseLogger - Using platform encoding (UTF-8 actually) to copy filtered resources, i.e. build is platform dependent!
2021-02-23 06:21:46,738 [Worker-28: Building] INFO  o.e.m.c.i.embedder.EclipseLogger - skip non existing resourceDirectory /home/peterpetrekanics/Documents/from_Marci/atomikos/eclipse/to_be_imported/springexample/src/test/resources
